#
# A fatal error has been detected by the Java Runtime Environment:
#
#  EXCEPTION_ACCESS_VIOLATION (0xc0000005) at pc=0x00007ffb1cde71a7, pid=13908, tid=19088
#
# JRE version: OpenJDK Runtime Environment Temurin-21.0.8+9 (21.0.8+9) (build 21.0.8+9-LTS)
# Java VM: OpenJDK 64-Bit Server VM Temurin-21.0.8+9 (21.0.8+9-LTS, mixed mode, sharing, tiered, compressed oops, compressed class ptrs, parallel gc, windows-amd64)
# Problematic frame:
# V  [jvm.dll+0x6871a7]
#
# No core dump will be written. Minidumps are not enabled by default on client versions of Windows
#
# If you would like to submit a bug report, please visit:
#   https://github.com/adoptium/adoptium-support/issues
#

---------------  S U M M A R Y ------------

Command Line: --add-modules=ALL-SYSTEM --add-opens=java.base/java.util=ALL-UNNAMED --add-opens=java.base/java.lang=ALL-UNNAMED --add-opens=java.base/sun.nio.fs=ALL-UNNAMED -Declipse.application=org.eclipse.jdt.ls.core.id1 -Dosgi.bundles.defaultStartLevel=4 -Declipse.product=org.eclipse.jdt.ls.core.product -Djava.import.generatesMetadataFilesAtProjectRoot=false -DDetectVMInstallationsJob.disabled=true -Dfile.encoding=utf8 -XX:+UseParallelGC -XX:GCTimeRatio=4 -XX:AdaptiveSizePolicyWeight=90 -Dsun.zip.disableMemoryMapping=true -Xmx2G -Xms100m -Xlog:disable -javaagent:c:\Users\thang\.vscode\extensions\redhat.java-1.47.0-win32-x64\lombok\lombok-1.18.39-4050.jar -XX:+HeapDumpOnOutOfMemoryError -XX:HeapDumpPath=c:\Users\thang\AppData\Roaming\Code\User\workspaceStorage\d5010f17ae01e40de2ab3cd01245b875\redhat.java -Daether.dependencyCollector.impl=bf c:\Users\thang\.vscode\extensions\redhat.java-1.47.0-win32-x64\server\plugins\org.eclipse.equinox.launcher_1.7.100.v20251014-1222.jar -configuration c:\Users\thang\AppData\Roaming\Code\User\globalStorage\redhat.java\1.47.0\config_win -data c:\Users\thang\AppData\Roaming\Code\User\workspaceStorage\d5010f17ae01e40de2ab3cd01245b875\redhat.java\jdt_ws --pipe=\\.\pipe\lsp-e934157c02cc9367530c5540f0ccbda5-sock

Host: Intel(R) Core(TM) i7-4710HQ CPU @ 2.50GHz, 8 cores, 15G,  Windows 10 , 64 bit Build 19041 (10.0.19041.5915)
Time: Mon Nov 17 20:41:39 2025 SE Asia Standard Time elapsed time: 9933.259135 seconds (0d 2h 45m 33s)

---------------  T H R E A D  ---------------

Current thread (0x00000206e61aea50):  VMThread "VM Thread"          [id=19088, stack(0x000000b178d00000,0x000000b178e00000) (1024K)]

Stack: [0x000000b178d00000,0x000000b178e00000],  sp=0x000000b178dfea70,  free space=1018k
Native frames: (J=compiled Java code, j=interpreted, Vv=VM code, C=native code)
V  [jvm.dll+0x6871a7]
V  [jvm.dll+0x3c238d]
V  [jvm.dll+0x5aedcc]
V  [jvm.dll+0x70ceec]
V  [jvm.dll+0x70c466]
V  [jvm.dll+0x71161d]
V  [jvm.dll+0x6dfb73]
V  [jvm.dll+0x712c24]
V  [jvm.dll+0x8b6cbf]
V  [jvm.dll+0x8b8044]
V  [jvm.dll+0x8b8580]
V  [jvm.dll+0x8b8823]
V  [jvm.dll+0x857e6b]
V  [jvm.dll+0x6d0b0d]
C  [ucrtbase.dll+0x21bb2]
C  [KERNEL32.DLL+0x17374]
C  [ntdll.dll+0x4cc91]


siginfo: EXCEPTION_ACCESS_VIOLATION (0xc0000005), reading address 0xffffffffffffffff


Registers:
RAX=0x0000000000000070, RBX=0x00000206fee325d0, RCX=0xca54ffd8ca54ffd8, RDX=0x0000000000000000
RSP=0x000000b178dfea70, RBP=0x0000000000000001, RSI=0xca54ffd8ca54ffd8, RDI=0xca54ffd8ca54ffd8
R8 =0x0000000000000003, R9 =0x00000206e849efa0, R10=0x0000000000000000, R11=0x0000000000000246
R12=0x0000000000000000, R13=0x0000000000000000, R14=0x0000000000000000, R15=0x00007ffb1d1cc648
RIP=0x00007ffb1cde71a7, EFLAGS=0x0000000000010202

XMM[0]=0x0000000000000000 0x0000000000000000
XMM[1]=0x0000000000000000 0x0000000000000000
XMM[2]=0x0000000000000000 0x0000000000000000
XMM[3]=0x0000000000000000 0x0000000000000000
XMM[4]=0x0000000000000000 0x0000000000000000
XMM[5]=0x0000000000000000 0x0000000000000000
XMM[6]=0x0000000000000000 0x0000000000000000
XMM[7]=0x0000000000000000 0x404e000000000000
XMM[8]=0x0000000000000000 0x0000000000000000
XMM[9]=0x0000000000000000 0x0000000000000000
XMM[10]=0x0000000000000000 0x0000000000000000
XMM[11]=0x0000000000000000 0x0000000000000000
XMM[12]=0x0000000000000000 0x0000000000000000
XMM[13]=0x0000000000000000 0x0000000000000000
XMM[14]=0x0000000000000000 0x0000000000000000
XMM[15]=0x0000000000000000 0x0000000000000000
  MXCSR=0x00001fa0


Register to memory mapping:

RAX=0x0000000000000070 is an unknown value
RBX=0x00000206fee325d0 points into unknown readable memory: 0x0000000000000000 | 00 00 00 00 00 00 00 00
RCX=0xca54ffd8ca54ffd8 is an unknown value
RDX=0x0 is null
RSP=0x000000b178dfea70 points into unknown readable memory: 0x00000000000003d8 | d8 03 00 00 00 00 00 00
RBP=0x0000000000000001 is an unknown value
RSI=0xca54ffd8ca54ffd8 is an unknown value
RDI=0xca54ffd8ca54ffd8 is an unknown value
R8 =0x0000000000000003 is an unknown value
R9 =0x00000206e849efa0 points into unknown readable memory: 0x0000000000000002 | 02 00 00 00 00 00 00 00
R10=0x0 is null
R11=0x0000000000000246 is an unknown value
R12=0x0 is null
R13=0x0 is null
R14=0x0 is null
R15=0x00007ffb1d1cc648 jvm.dll

Top of Stack: (sp=0x000000b178dfea70)
0x000000b178dfea70:   00000000000003d8 00000206e8458680
0x000000b178dfea80:   0000000000000270 00000206e849efa0
0x000000b178dfea90:   00007ffb1d1df030 00007ffb1c982900
0x000000b178dfeaa0:   00007ffb1d1cc648 0000000000000008
0x000000b178dfeab0:   0000000000000000 0000000000000000
0x000000b178dfeac0:   ca54ffd8ca54ffd8 00007ffb1cb2238d
0x000000b178dfead0:   00000000000003d8 0000000000000000
0x000000b178dfeae0:   0000000000000001 00000206801770f0
0x000000b178dfeaf0:   0000000000000000 00000206e60cc5e0
0x000000b178dfeb00:   0000000000000000 0000000000000001
0x000000b178dfeb10:   000000b178dfeb98 00007ffb1cd0edcc
0x000000b178dfeb20:   00000206801770f0 000000b178dfeb98
0x000000b178dfeb30:   00000206801770f0 000000b178dff210
0x000000b178dfeb40:   00007ffb1d1cc648 00000000000001fe
0x000000b178dfeb50:   ffffffffffffff00 0000000000000004
0x000000b178dfeb60:   00000000000000a3 00000000000001fe
0x000000b178dfeb70:   0000000000000000 00000206c8460ee0
0x000000b178dfeb80:   0000000000000000 0000157c51254d5e
0x000000b178dfeb90:   00000206e83fdf10 00007ffb1d39f4a0
0x000000b178dfeba0:   000000b178dfecb0 00007ffb1ce6ceec
0x000000b178dfebb0:   000000b178dff210 0000000000000001
0x000000b178dfebc0:   00000206e60ea640 00007ffb1d39f4a0
0x000000b178dfebd0:   0042f1ff00000000 0000000000010000
0x000000b178dfebe0:   00007ffb1d16f860 00007ffb1d39f4a0
0x000000b178dfebf0:   0000000000000000 0000000000000196
0x000000b178dfec00:   00007ffb1d173750 3f3ee31a162bbb00
0x000000b178dfec10:   00007ffb1d18cef0 000002000000000b
0x000000b178dfec20:   000000b100000002 00007ffb1d3f30c0
0x000000b178dfec30:   0000000000000002 00007ffb1d3f3130
0x000000b178dfec40:   ffffffffffffffff 0000000000000000
0x000000b178dfec50:   0000000000000000 00007ffb1d173768
0x000000b178dfec60:   00007ffb1d18cef0 00007ffb1d39f4b0 

Instructions: (pc=0x00007ffb1cde71a7)
0x00007ffb1cde70a7:   70 2c 00 48 8b 7c 24 50 4c 8b 64 24 58 48 8b 5c
0x00007ffb1cde70b7:   24 60 48 8b 6c 24 68 48 83 c4 30 41 5f 41 5e 5e
0x00007ffb1cde70c7:   c3 48 8b cb e8 90 2a ac ff 0f b6 c0 4c 8d 0d 2e
0x00007ffb1cde70d7:   7b 3f 00 41 b8 73 05 00 00 89 44 24 20 48 8d 15
0x00007ffb1cde70e7:   35 7b 3f 00 b9 00 00 00 e0 e8 1b 99 bf ff cc 48
0x00007ffb1cde70f7:   8b cb e8 62 2a ac ff 0f b6 c0 4c 8d 0d 00 7b 3f
0x00007ffb1cde7107:   00 41 b8 f1 06 00 00 89 44 24 20 48 8d 15 07 7b
0x00007ffb1cde7117:   3f 00 b9 00 00 00 e0 e8 ed 98 bf ff cc 48 8b cb
0x00007ffb1cde7127:   e8 34 2a ac ff 0f b6 c0 4c 8d 0d d2 7a 3f 00 41
0x00007ffb1cde7137:   b8 73 05 00 00 89 44 24 20 48 8d 15 d9 7a 3f 00
0x00007ffb1cde7147:   b9 00 00 00 e0 e8 bf 98 bf ff cc cc cc cc cc cc
0x00007ffb1cde7157:   cc cc cc cc cc cc cc cc cc 48 89 5c 24 10 48 89
0x00007ffb1cde7167:   6c 24 18 48 89 74 24 20 57 41 54 41 55 41 56 41
0x00007ffb1cde7177:   57 48 83 ec 30 65 48 8b 04 25 58 00 00 00 44 0f
0x00007ffb1cde7187:   b6 f2 44 8b 05 58 e3 65 00 48 8b f1 4a 8b 1c c0
0x00007ffb1cde7197:   b8 70 00 00 00 80 3c 18 00 75 05 e8 89 5d 2c 00
0x00007ffb1cde71a7:   83 be 00 01 00 00 00 b8 20 00 00 00 48 8b 04 18
0x00007ffb1cde71b7:   48 8b a8 18 03 00 00 48 8b 7d 28 4c 8b 7d 10 4c
0x00007ffb1cde71c7:   8b 65 18 4c 8b 6d 20 48 89 7c 24 60 7e 65 48 8d
0x00007ffb1cde71d7:   8e 08 01 00 00 e8 7f 0d 00 00 48 8b f8 48 85 c0
0x00007ffb1cde71e7:   74 4c 0f 1f 80 00 00 00 00 48 8b 07 41 0f b6 d6
0x00007ffb1cde71f7:   48 8b cf ff 90 80 00 00 00 8b 5f 08 48 8b cf 48
0x00007ffb1cde7207:   8b 07 2b de ff 10 8d 48 e0 8d 0c cb 3b 8e 00 01
0x00007ffb1cde7217:   00 00 7d 1a 48 63 c9 48 81 c1 08 01 00 00 48 03
0x00007ffb1cde7227:   ce e8 33 0d 00 00 48 8b f8 48 85 c0 75 bb 48 8b
0x00007ffb1cde7237:   7c 24 60 48 63 86 04 01 00 00 83 f8 fe 74 35 48
0x00007ffb1cde7247:   8d 88 08 01 00 00 48 03 ce e8 0b 0d 00 00 48 8b
0x00007ffb1cde7257:   c8 48 8b d8 48 8b 10 ff 52 68 33 c9 84 c0 48 0f
0x00007ffb1cde7267:   45 cb 48 85 c9 74 0d 48 8b 01 41 0f b6 d6 ff 90
0x00007ffb1cde7277:   80 00 00 00 48 8d 05 ae 7d 3f 00 44 88 74 24 28
0x00007ffb1cde7287:   48 8d 54 24 20 48 89 44 24 20 48 8b ce e8 87 fc
0x00007ffb1cde7297:   ff ff 49 83 3f 00 74 13 48 8b d7 48 8b cd e8 a6 


Stack slot to memory mapping:

stack at sp + 0 slots: 0x00000000000003d8 is an unknown value
stack at sp + 1 slots: 0x00000206e8458680 points into unknown readable memory: 0x00007ffb1d166d00 | 00 6d 16 1d fb 7f 00 00
stack at sp + 2 slots: 0x0000000000000270 is an unknown value
stack at sp + 3 slots: 0x00000206e849efa0 points into unknown readable memory: 0x0000000000000002 | 02 00 00 00 00 00 00 00
stack at sp + 4 slots: 0x00007ffb1d1df030 jvm.dll
stack at sp + 5 slots: 0x00007ffb1c982900 jvm.dll
stack at sp + 6 slots: 0x00007ffb1d1cc648 jvm.dll
stack at sp + 7 slots: 0x0000000000000008 is an unknown value

VM_Operation (0x000000b17bdfbdd0): ParallelGCFailedAllocation, mode: safepoint, requested by thread 0x00000206c86a3020


---------------  P R O C E S S  ---------------

Threads class SMR info:
_java_thread_list=0x00000206c9ba23d0, length=51, elements={
0x00000206e83e5c30, 0x00000206fee40590, 0x00000206fee421e0, 0x00000206fee46d20,
0x00000206fee47970, 0x00000206fee4a4d0, 0x00000206fee4af20, 0x00000206fee4bd50,
0x00000206fee63190, 0x00000206e8450e00, 0x00000206c1ab0f10, 0x00000206c1af8700,
0x00000206c64840f0, 0x00000206c19d3460, 0x00000206c693d8c0, 0x00000206c6327020,
0x00000206c68230c0, 0x00000206c6a8fd60, 0x00000206c6a924c0, 0x00000206c6a92b50,
0x00000206c99d6d80, 0x00000206c99dbc40, 0x00000206c99daf20, 0x00000206c99d66f0,
0x00000206c99da200, 0x00000206c99d8e50, 0x00000206c99d94e0, 0x00000206c99d7410,
0x00000206c99d9b70, 0x00000206c99d6060, 0x00000206c99d7aa0, 0x00000206c99dc960,
0x00000206c7deade0, 0x00000206c7dec190, 0x00000206c7de65b0, 0x00000206c7de6c40,
0x00000206c7dec820, 0x00000206c7debb00, 0x00000206c86a7850, 0x00000206c86a8c00,
0x00000206c86a2990, 0x00000206c86a4a60, 0x00000206c86a15e0, 0x00000206c86a6b30,
0x00000206c86a71c0, 0x00000206c86a43d0, 0x00000206c86a2300, 0x00000206c86a3020,
0x00000206c86a3d40, 0x00000206d3594300, 0x00000206d3592230
}

Java Threads: ( => current thread )
  0x00000206e83e5c30 JavaThread "main"                              [_thread_blocked, id=15336, stack(0x000000b178a00000,0x000000b178b00000) (1024K)]
  0x00000206fee40590 JavaThread "Reference Handler"          daemon [_thread_blocked, id=16856, stack(0x000000b178e00000,0x000000b178f00000) (1024K)]
  0x00000206fee421e0 JavaThread "Finalizer"                  daemon [_thread_blocked, id=15680, stack(0x000000b178f00000,0x000000b179000000) (1024K)]
  0x00000206fee46d20 JavaThread "Signal Dispatcher"          daemon [_thread_blocked, id=20908, stack(0x000000b179000000,0x000000b179100000) (1024K)]
  0x00000206fee47970 JavaThread "Attach Listener"            daemon [_thread_blocked, id=6004, stack(0x000000b179100000,0x000000b179200000) (1024K)]
  0x00000206fee4a4d0 JavaThread "Service Thread"             daemon [_thread_blocked, id=7452, stack(0x000000b179200000,0x000000b179300000) (1024K)]
  0x00000206fee4af20 JavaThread "Monitor Deflation Thread"   daemon [_thread_blocked, id=7548, stack(0x000000b179300000,0x000000b179400000) (1024K)]
  0x00000206fee4bd50 JavaThread "C2 CompilerThread0"         daemon [_thread_blocked, id=11688, stack(0x000000b179400000,0x000000b179500000) (1024K)]
  0x00000206fee63190 JavaThread "C1 CompilerThread0"         daemon [_thread_blocked, id=10844, stack(0x000000b179500000,0x000000b179600000) (1024K)]
  0x00000206e8450e00 JavaThread "Common-Cleaner"             daemon [_thread_blocked, id=16960, stack(0x000000b179600000,0x000000b179700000) (1024K)]
  0x00000206c1ab0f10 JavaThread "Notification Thread"        daemon [_thread_blocked, id=520, stack(0x000000b179800000,0x000000b179900000) (1024K)]
  0x00000206c1af8700 JavaThread "Active Thread: Equinox Container: 22ea9e2e-de06-45c2-9492-5ef732bbaf83"        [_thread_blocked, id=11800, stack(0x000000b17a000000,0x000000b17a100000) (1024K)]
  0x00000206c64840f0 JavaThread "Refresh Thread: Equinox Container: 22ea9e2e-de06-45c2-9492-5ef732bbaf83" daemon [_thread_blocked, id=6256, stack(0x000000b179700000,0x000000b179800000) (1024K)]
  0x00000206c19d3460 JavaThread "Framework Event Dispatcher: Equinox Container: 22ea9e2e-de06-45c2-9492-5ef732bbaf83" daemon [_thread_blocked, id=19076, stack(0x000000b17a100000,0x000000b17a200000) (1024K)]
  0x00000206c693d8c0 JavaThread "Start Level: Equinox Container: 22ea9e2e-de06-45c2-9492-5ef732bbaf83" daemon [_thread_blocked, id=16376, stack(0x000000b17a200000,0x000000b17a300000) (1024K)]
  0x00000206c6327020 JavaThread "Bundle File Closer"         daemon [_thread_blocked, id=9380, stack(0x000000b17a400000,0x000000b17a500000) (1024K)]
  0x00000206c68230c0 JavaThread "SCR Component Actor"        daemon [_thread_blocked, id=320, stack(0x000000b178700000,0x000000b178800000) (1024K)]
  0x00000206c6a8fd60 JavaThread "Worker-JM"                         [_thread_blocked, id=7200, stack(0x000000b17a600000,0x000000b17a700000) (1024K)]
  0x00000206c6a924c0 JavaThread "JNA Cleaner"                daemon [_thread_blocked, id=7912, stack(0x000000b17a300000,0x000000b17a400000) (1024K)]
  0x00000206c6a92b50 JavaThread "Java indexing"              daemon [_thread_blocked, id=15356, stack(0x000000b17ab00000,0x000000b17ac00000) (1024K)]
  0x00000206c99d6d80 JavaThread "Thread-1"                   daemon [_thread_in_native, id=18488, stack(0x000000b17ae00000,0x000000b17af00000) (1024K)]
  0x00000206c99dbc40 JavaThread "Thread-2"                   daemon [_thread_in_native, id=19392, stack(0x000000b17af00000,0x000000b17b000000) (1024K)]
  0x00000206c99daf20 JavaThread "Thread-3"                   daemon [_thread_in_native, id=16152, stack(0x000000b17b000000,0x000000b17b100000) (1024K)]
  0x00000206c99d66f0 JavaThread "Thread-4"                   daemon [_thread_in_native, id=14880, stack(0x000000b17b100000,0x000000b17b200000) (1024K)]
  0x00000206c99da200 JavaThread "Thread-5"                   daemon [_thread_in_native, id=12168, stack(0x000000b17b200000,0x000000b17b300000) (1024K)]
  0x00000206c99d8e50 JavaThread "Thread-6"                   daemon [_thread_in_native, id=11632, stack(0x000000b17b300000,0x000000b17b400000) (1024K)]
  0x00000206c99d94e0 JavaThread "Thread-7"                   daemon [_thread_in_native, id=14964, stack(0x000000b17b400000,0x000000b17b500000) (1024K)]
  0x00000206c99d7410 JavaThread "Thread-8"                   daemon [_thread_blocked, id=14392, stack(0x000000b17b500000,0x000000b17b600000) (1024K)]
  0x00000206c99d9b70 JavaThread "Thread-9"                   daemon [_thread_in_native, id=4536, stack(0x000000b17b600000,0x000000b17b700000) (1024K)]
  0x00000206c99d6060 JavaThread "pool-2-thread-1"                   [_thread_blocked, id=17480, stack(0x000000b17b700000,0x000000b17b800000) (1024K)]
  0x00000206c99d7aa0 JavaThread "WorkspaceEventsHandler"            [_thread_blocked, id=16468, stack(0x000000b17b800000,0x000000b17b900000) (1024K)]
  0x00000206c99dc960 JavaThread "pool-1-thread-1"                   [_thread_blocked, id=15644, stack(0x000000b17b900000,0x000000b17ba00000) (1024K)]
  0x00000206c7deade0 JavaThread "Java Debug Server"          daemon [_thread_in_native, id=4100, stack(0x000000b17a800000,0x000000b17a900000) (1024K)]
  0x00000206c7dec190 JavaThread "pool-10-thread-1"                  [_thread_in_native, id=17584, stack(0x000000b17a900000,0x000000b17aa00000) (1024K)]
  0x00000206c7de65b0 JavaThread "RxSchedulerPurge-1"         daemon [_thread_blocked, id=8900, stack(0x000000b17ac00000,0x000000b17ad00000) (1024K)]
  0x00000206c7de6c40 JavaThread "RxCachedWorkerPoolEvictor-1" daemon [_thread_blocked, id=11200, stack(0x000000b17ad00000,0x000000b17ae00000) (1024K)]
  0x00000206c7dec820 JavaThread "process reaper (pid 12940)" daemon [_thread_in_native, id=14384, stack(0x000000b178370000,0x000000b178390000) (128K)]
  0x00000206c7debb00 JavaThread "Cleaner-0"                  daemon [_thread_blocked, id=432, stack(0x000000b17aa00000,0x000000b17ab00000) (1024K)]
  0x00000206c86a7850 JavaThread "Worker-23"                         [_thread_blocked, id=12428, stack(0x000000b17c000000,0x000000b17c100000) (1024K)]
  0x00000206c86a8c00 JavaThread "Worker-27"                         [_thread_blocked, id=17792, stack(0x000000b17c200000,0x000000b17c300000) (1024K)]
  0x00000206c86a2990 JavaThread "RxNewThreadScheduler-5"     daemon [_thread_blocked, id=12652, stack(0x000000b178800000,0x000000b178900000) (1024K)]
  0x00000206c86a4a60 JavaThread "ForkJoinPool.commonPool-worker-37" daemon [_thread_blocked, id=11132, stack(0x000000b178900000,0x000000b178a00000) (1024K)]
  0x00000206c86a15e0 JavaThread "Worker-29"                         [_thread_blocked, id=20524, stack(0x000000b17a500000,0x000000b17a600000) (1024K)]
  0x00000206c86a6b30 JavaThread "ForkJoinPool.commonPool-worker-38" daemon [_thread_blocked, id=9656, stack(0x000000b17a700000,0x000000b17a800000) (1024K)]
  0x00000206c86a71c0 JavaThread "ForkJoinPool.commonPool-worker-39" daemon [_thread_blocked, id=20592, stack(0x000000b17ba00000,0x000000b17bb00000) (1024K)]
  0x00000206c86a43d0 JavaThread "ForkJoinPool.commonPool-worker-40" daemon [_thread_blocked, id=12892, stack(0x000000b17bb00000,0x000000b17bc00000) (1024K)]
  0x00000206c86a2300 JavaThread "ForkJoinPool.commonPool-worker-41" daemon [_thread_blocked, id=16412, stack(0x000000b17bc00000,0x000000b17bd00000) (1024K)]
  0x00000206c86a3020 JavaThread "ForkJoinPool.commonPool-worker-42" daemon [_thread_blocked, id=21160, stack(0x000000b17bd00000,0x000000b17be00000) (1024K)]
  0x00000206c86a3d40 JavaThread "ForkJoinPool.commonPool-worker-43" daemon [_thread_blocked, id=20136, stack(0x000000b17be00000,0x000000b17bf00000) (1024K)]
  0x00000206d3594300 JavaThread "Worker-30"                         [_thread_blocked, id=13856, stack(0x000000b17c100000,0x000000b17c200000) (1024K)]
  0x00000206d3592230 JavaThread "Worker-31"                         [_thread_blocked, id=13488, stack(0x000000b17bf00000,0x000000b17c000000) (1024K)]
Total: 51

Other Threads:
=>0x00000206e61aea50 VMThread "VM Thread"                           [id=19088, stack(0x000000b178d00000,0x000000b178e00000) (1024K)]
  0x00000206e844f470 WatcherThread "VM Periodic Task Thread"        [id=1628, stack(0x000000b178c00000,0x000000b178d00000) (1024K)]
  0x00000206e84039e0 WorkerThread "GC Thread#0"                     [id=20188, stack(0x000000b178b00000,0x000000b178c00000) (1024K)]
  0x00000206c1abdbd0 WorkerThread "GC Thread#1"                     [id=12840, stack(0x000000b179900000,0x000000b179a00000) (1024K)]
  0x00000206c1abdf70 WorkerThread "GC Thread#2"                     [id=12736, stack(0x000000b179a00000,0x000000b179b00000) (1024K)]
  0x00000206c1b5a170 WorkerThread "GC Thread#3"                     [id=18656, stack(0x000000b179b00000,0x000000b179c00000) (1024K)]
  0x00000206c1b5a510 WorkerThread "GC Thread#4"                     [id=20588, stack(0x000000b179c00000,0x000000b179d00000) (1024K)]
  0x00000206c1b5a8b0 WorkerThread "GC Thread#5"                     [id=14092, stack(0x000000b179d00000,0x000000b179e00000) (1024K)]
  0x00000206c1b19af0 WorkerThread "GC Thread#6"                     [id=6660, stack(0x000000b179e00000,0x000000b179f00000) (1024K)]
  0x00000206c60b0af0 WorkerThread "GC Thread#7"                     [id=19212, stack(0x000000b179f00000,0x000000b17a000000) (1024K)]
Total: 10

Threads with active compile tasks:
C2 CompilerThread0  9933329 25970       4       org.eclipse.jdt.internal.compiler.SourceElementParser::checkComment (723 bytes)
Total: 1

VM state: at safepoint (normal execution)

VM Mutex/Monitor currently owned by a thread:  ([mutex/lock_event])
[0x00007ffb1d415458] Threads_lock - owner thread: 0x00000206e61aea50
[0x00007ffb1d415558] Heap_lock - owner thread: 0x00000206c86a3020

Heap address: 0x0000000080000000, size: 2048 MB, Compressed Oops mode: 32-bit

CDS archive(s) mapped at: [0x0000020680000000-0x0000020680ba0000-0x0000020680ba0000), size 12189696, SharedBaseAddress: 0x0000020680000000, ArchiveRelocationMode: 1.
Compressed class space mapped at: 0x0000020681000000-0x00000206c1000000, reserved size: 1073741824
Narrow klass base: 0x0000020680000000, Narrow klass shift: 0, Narrow klass range: 0x100000000

GC Precious Log:
 CardTable entry size: 512
 CPUs: 8 total, 8 available
 Memory: 16266M
 Large Page Support: Disabled
 NUMA Support: Disabled
 Compressed Oops: Enabled (32-bit)
 Alignments: Space 512K, Generation 512K, Heap 2M
 Heap Min Capacity: 100M
 Heap Initial Capacity: 100M
 Heap Max Capacity: 2G
 Pre-touch: Disabled
 Parallel Workers: 8

Heap:
 PSYoungGen      total 6144K, used 6144K [0x00000000d5580000, 0x00000000d5e80000, 0x0000000100000000)
  eden space 5120K, 100% used [0x00000000d5580000,0x00000000d5a80000,0x00000000d5a80000)
  from space 1024K, 100% used [0x00000000d5a80000,0x00000000d5b80000,0x00000000d5b80000)
  to   space 2048K, 37% used [0x00000000d5c80000,0x00000000d5d3ee10,0x00000000d5e80000)
 ParOldGen       total 1398272K, used 1398271K [0x0000000080000000, 0x00000000d5580000, 0x00000000d5580000)
  object space 1398272K, 99% used [0x0000000080000000,0x00000000d557fc78,0x00000000d5580000)
 Metaspace       used 91048K, committed 92992K, reserved 1179648K
  class space    used 9132K, committed 10048K, reserved 1048576K

Card table byte_map: [0x00000206e7dc0000,0x00000206e81d0000] _byte_map_base: 0x00000206e79c0000

Marking Bits: (ParMarkBitMap*) 0x00007ffb1d41a340
 Begin Bits: [0x00000206fa890000, 0x00000206fc890000)
 End Bits:   [0x00000206fc890000, 0x00000206fe890000)

Polling page: 0x00000206e7bb0000

Metaspace:

Usage:
  Non-class:     80.00 MB used.
      Class:      8.92 MB used.
       Both:     88.91 MB used.

Virtual space:
  Non-class space:      128.00 MB reserved,      81.00 MB ( 63%) committed,  2 nodes.
      Class space:        1.00 GB reserved,       9.81 MB ( <1%) committed,  1 nodes.
             Both:        1.12 GB reserved,      90.81 MB (  8%) committed. 

Chunk freelists:
   Non-Class:  14.70 MB
       Class:  6.21 MB
        Both:  20.91 MB

MaxMetaspaceSize: unlimited
CompressedClassSpaceSize: 1.00 GB
Initial GC threshold: 21.00 MB
Current GC threshold: 144.81 MB
CDS: on
 - commit_granule_bytes: 65536.
 - commit_granule_words: 8192.
 - virtual_space_node_default_size: 8388608.
 - enlarge_chunks_in_place: 1.
 - use_allocation_guard: 0.


Internal statistics:

num_allocs_failed_limit: 9.
num_arena_births: 1924.
num_arena_deaths: 24.
num_vsnodes_births: 3.
num_vsnodes_deaths: 0.
num_space_committed: 1453.
num_space_uncommitted: 0.
num_chunks_returned_to_freelist: 37.
num_chunks_taken_from_freelist: 6699.
num_chunk_merges: 13.
num_chunk_splits: 3941.
num_chunks_enlarged: 2045.
num_inconsistent_stats: 0.

CodeHeap 'non-profiled nmethods': size=120000Kb used=24527Kb max_used=27918Kb free=95472Kb
 bounds [0x00000206f30b0000, 0x00000206f4c00000, 0x00000206fa5e0000]
CodeHeap 'profiled nmethods': size=120000Kb used=43741Kb max_used=53761Kb free=76258Kb
 bounds [0x00000206eb5e0000, 0x00000206eea70000, 0x00000206f2b10000]
CodeHeap 'non-nmethods': size=5760Kb used=1510Kb max_used=1581Kb free=4249Kb
 bounds [0x00000206f2b10000, 0x00000206f2d80000, 0x00000206f30b0000]
CodeCache: size=245760Kb, used=69778Kb, max_used=83260Kb, free=175979Kb
 total_blobs=19849, nmethods=19018, adapters=732, full_count=0
Compilation: enabled, stopped_count=0, restarted_count=0

Compilation events (20 events):
Event: 9932.829 Thread 0x00000206fee4bd50 nmethod 25960 0x00000206f4bf2810 code [0x00000206f4bf29a0, 0x00000206f4bf2b18]
Event: 9932.829 Thread 0x00000206fee63190 25961       3       org.eclipse.jdt.internal.compiler.ast.MessageSend::generateCode (481 bytes)
Event: 9932.832 Thread 0x00000206fee63190 nmethod 25961 0x00000206eea5d090 code [0x00000206eea5d500, 0x00000206eea5fb18]
Event: 9932.832 Thread 0x00000206fee63190 25962       3       org.eclipse.jdt.internal.compiler.lookup.SourceTypeBinding$1::compare (13 bytes)
Event: 9932.832 Thread 0x00000206fee63190 nmethod 25962 0x00000206eea60510 code [0x00000206eea606c0, 0x00000206eea60a30]
Event: 9932.832 Thread 0x00000206fee63190 25963       3       org.eclipse.jdt.internal.compiler.lookup.SourceTypeBinding$1::compare (10 bytes)
Event: 9932.832 Thread 0x00000206fee63190 nmethod 25963 0x00000206eea60b90 code [0x00000206eea60d20, 0x00000206eea60e40]
Event: 9932.837 Thread 0x00000206fee4bd50 25964       4       org.eclipse.jdt.core.dom.DefaultASTVisitor::visit (6 bytes)
Event: 9932.842 Thread 0x00000206fee4bd50 nmethod 25964 0x00000206f4bf2c10 code [0x00000206f4bf2dc0, 0x00000206f4bf3060]
Event: 9932.842 Thread 0x00000206fee4bd50 25965       4       org.eclipse.jdt.internal.corext.dom.GenericVisitor::visit (6 bytes)
Event: 9932.843 Thread 0x00000206fee4bd50 nmethod 25965 0x00000206f4bf3290 code [0x00000206f4bf3420, 0x00000206f4bf34d0]
Event: 9932.843 Thread 0x00000206fee63190 25966       3       org.eclipse.jdt.ls.core.internal.semantictokens.TokenModifier::checkJavaModifiers (147 bytes)
Event: 9932.843 Thread 0x00000206fee4bd50 25967       4       org.eclipse.jdt.core.dom.Modifier::isAbstract (12 bytes)
Event: 9932.844 Thread 0x00000206fee4bd50 nmethod 25967 0x00000206f4bf3590 code [0x00000206f4bf3700, 0x00000206f4bf3770]
Event: 9932.844 Thread 0x00000206fee63190 nmethod 25966 0x00000206eea60f10 code [0x00000206eea61140, 0x00000206eea61aa8]
Event: 9932.844 Thread 0x00000206fee4bd50 25969       4       org.eclipse.jdt.core.dom.Modifier::isPrivate (10 bytes)
Event: 9932.844 Thread 0x00000206fee63190 25968       3       org.eclipse.jdt.core.dom.Modifier::isNative (12 bytes)
Event: 9932.844 Thread 0x00000206fee63190 nmethod 25968 0x00000206eea61e10 code [0x00000206eea61fc0, 0x00000206eea62118]
Event: 9932.844 Thread 0x00000206fee4bd50 nmethod 25969 0x00000206f4bf3890 code [0x00000206f4bf3a00, 0x00000206f4bf3a70]
Event: 9932.864 Thread 0x00000206fee4bd50 25970       4       org.eclipse.jdt.internal.compiler.SourceElementParser::checkComment (723 bytes)

GC Heap History (20 events):
Event: 9923.690 GC heap after
{Heap after GC invocations=1978 (full 5):
 PSYoungGen      total 5632K, used 388K [0x00000000d5580000, 0x00000000d5c80000, 0x0000000100000000)
  eden space 5120K, 0% used [0x00000000d5580000,0x00000000d5580000,0x00000000d5a80000)
  from space 512K, 75% used [0x00000000d5b80000,0x00000000d5be1230,0x00000000d5c00000)
  to   space 512K, 0% used [0x00000000d5c00000,0x00000000d5c00000,0x00000000d5c80000)
 ParOldGen       total 1396224K, used 1395916K [0x0000000080000000, 0x00000000d5380000, 0x00000000d5580000)
  object space 1396224K, 99% used [0x0000000080000000,0x00000000d53333c8,0x00000000d5380000)
 Metaspace       used 91037K, committed 92992K, reserved 1179648K
  class space    used 9132K, committed 10048K, reserved 1048576K
}
Event: 9923.705 GC heap before
{Heap before GC invocations=1979 (full 5):
 PSYoungGen      total 5632K, used 5508K [0x00000000d5580000, 0x00000000d5c80000, 0x0000000100000000)
  eden space 5120K, 100% used [0x00000000d5580000,0x00000000d5a80000,0x00000000d5a80000)
  from space 512K, 75% used [0x00000000d5b80000,0x00000000d5be1230,0x00000000d5c00000)
  to   space 512K, 0% used [0x00000000d5c00000,0x00000000d5c00000,0x00000000d5c80000)
 ParOldGen       total 1396224K, used 1395916K [0x0000000080000000, 0x00000000d5380000, 0x00000000d5580000)
  object space 1396224K, 99% used [0x0000000080000000,0x00000000d53333c8,0x00000000d5380000)
 Metaspace       used 91037K, committed 92992K, reserved 1179648K
  class space    used 9132K, committed 10048K, reserved 1048576K
}
Event: 9923.707 GC heap after
{Heap after GC invocations=1979 (full 5):
 PSYoungGen      total 5632K, used 276K [0x00000000d5580000, 0x00000000d5c80000, 0x0000000100000000)
  eden space 5120K, 0% used [0x00000000d5580000,0x00000000d5580000,0x00000000d5a80000)
  from space 512K, 54% used [0x00000000d5c00000,0x00000000d5c45200,0x00000000d5c80000)
  to   space 512K, 0% used [0x00000000d5b80000,0x00000000d5b80000,0x00000000d5c00000)
 ParOldGen       total 1396224K, used 1396036K [0x0000000080000000, 0x00000000d5380000, 0x00000000d5580000)
  object space 1396224K, 99% used [0x0000000080000000,0x00000000d53513e8,0x00000000d5380000)
 Metaspace       used 91037K, committed 92992K, reserved 1179648K
  class space    used 9132K, committed 10048K, reserved 1048576K
}
Event: 9924.003 GC heap before
{Heap before GC invocations=1980 (full 5):
 PSYoungGen      total 5632K, used 5396K [0x00000000d5580000, 0x00000000d5c80000, 0x0000000100000000)
  eden space 5120K, 100% used [0x00000000d5580000,0x00000000d5a80000,0x00000000d5a80000)
  from space 512K, 54% used [0x00000000d5c00000,0x00000000d5c45200,0x00000000d5c80000)
  to   space 512K, 0% used [0x00000000d5b80000,0x00000000d5b80000,0x00000000d5c00000)
 ParOldGen       total 1396224K, used 1396036K [0x0000000080000000, 0x00000000d5380000, 0x00000000d5580000)
  object space 1396224K, 99% used [0x0000000080000000,0x00000000d53513e8,0x00000000d5380000)
 Metaspace       used 91037K, committed 92992K, reserved 1179648K
  class space    used 9132K, committed 10048K, reserved 1048576K
}
Event: 9924.007 GC heap after
{Heap after GC invocations=1980 (full 5):
 PSYoungGen      total 5632K, used 224K [0x00000000d5580000, 0x00000000d5c80000, 0x0000000100000000)
  eden space 5120K, 0% used [0x00000000d5580000,0x00000000d5580000,0x00000000d5a80000)
  from space 512K, 43% used [0x00000000d5b80000,0x00000000d5bb8000,0x00000000d5c00000)
  to   space 512K, 0% used [0x00000000d5c00000,0x00000000d5c00000,0x00000000d5c80000)
 ParOldGen       total 1396224K, used 1396084K [0x0000000080000000, 0x00000000d5380000, 0x00000000d5580000)
  object space 1396224K, 99% used [0x0000000080000000,0x00000000d535d3e8,0x00000000d5380000)
 Metaspace       used 91037K, committed 92992K, reserved 1179648K
  class space    used 9132K, committed 10048K, reserved 1048576K
}
Event: 9924.031 GC heap before
{Heap before GC invocations=1981 (full 5):
 PSYoungGen      total 5632K, used 5344K [0x00000000d5580000, 0x00000000d5c80000, 0x0000000100000000)
  eden space 5120K, 100% used [0x00000000d5580000,0x00000000d5a80000,0x00000000d5a80000)
  from space 512K, 43% used [0x00000000d5b80000,0x00000000d5bb8000,0x00000000d5c00000)
  to   space 512K, 0% used [0x00000000d5c00000,0x00000000d5c00000,0x00000000d5c80000)
 ParOldGen       total 1396224K, used 1396084K [0x0000000080000000, 0x00000000d5380000, 0x00000000d5580000)
  object space 1396224K, 99% used [0x0000000080000000,0x00000000d535d3e8,0x00000000d5380000)
 Metaspace       used 91039K, committed 92992K, reserved 1179648K
  class space    used 9132K, committed 10048K, reserved 1048576K
}
Event: 9924.035 GC heap after
{Heap after GC invocations=1981 (full 5):
 PSYoungGen      total 5632K, used 160K [0x00000000d5580000, 0x00000000d5c80000, 0x0000000100000000)
  eden space 5120K, 0% used [0x00000000d5580000,0x00000000d5580000,0x00000000d5a80000)
  from space 512K, 31% used [0x00000000d5c00000,0x00000000d5c28000,0x00000000d5c80000)
  to   space 512K, 0% used [0x00000000d5b80000,0x00000000d5b80000,0x00000000d5c00000)
 ParOldGen       total 1396224K, used 1396140K [0x0000000080000000, 0x00000000d5380000, 0x00000000d5580000)
  object space 1396224K, 99% used [0x0000000080000000,0x00000000d536b3e8,0x00000000d5380000)
 Metaspace       used 91039K, committed 92992K, reserved 1179648K
  class space    used 9132K, committed 10048K, reserved 1048576K
}
Event: 9927.937 GC heap before
{Heap before GC invocations=1982 (full 5):
 PSYoungGen      total 5632K, used 5280K [0x00000000d5580000, 0x00000000d5c80000, 0x0000000100000000)
  eden space 5120K, 100% used [0x00000000d5580000,0x00000000d5a80000,0x00000000d5a80000)
  from space 512K, 31% used [0x00000000d5c00000,0x00000000d5c28000,0x00000000d5c80000)
  to   space 512K, 0% used [0x00000000d5b80000,0x00000000d5b80000,0x00000000d5c00000)
 ParOldGen       total 1396224K, used 1396140K [0x0000000080000000, 0x00000000d5380000, 0x00000000d5580000)
  object space 1396224K, 99% used [0x0000000080000000,0x00000000d536b3e8,0x00000000d5380000)
 Metaspace       used 91042K, committed 92992K, reserved 1179648K
  class space    used 9132K, committed 10048K, reserved 1048576K
}
Event: 9927.939 GC heap after
{Heap after GC invocations=1982 (full 5):
 PSYoungGen      total 5632K, used 256K [0x00000000d5580000, 0x00000000d5c80000, 0x0000000100000000)
  eden space 5120K, 0% used [0x00000000d5580000,0x00000000d5580000,0x00000000d5a80000)
  from space 512K, 50% used [0x00000000d5b80000,0x00000000d5bc0000,0x00000000d5c00000)
  to   space 512K, 0% used [0x00000000d5c00000,0x00000000d5c00000,0x00000000d5c80000)
 ParOldGen       total 1396224K, used 1396164K [0x0000000080000000, 0x00000000d5380000, 0x00000000d5580000)
  object space 1396224K, 99% used [0x0000000080000000,0x00000000d53713e8,0x00000000d5380000)
 Metaspace       used 91042K, committed 92992K, reserved 1179648K
  class space    used 9132K, committed 10048K, reserved 1048576K
}
Event: 9927.949 GC heap before
{Heap before GC invocations=1983 (full 5):
 PSYoungGen      total 5632K, used 5376K [0x00000000d5580000, 0x00000000d5c80000, 0x0000000100000000)
  eden space 5120K, 100% used [0x00000000d5580000,0x00000000d5a80000,0x00000000d5a80000)
  from space 512K, 50% used [0x00000000d5b80000,0x00000000d5bc0000,0x00000000d5c00000)
  to   space 512K, 0% used [0x00000000d5c00000,0x00000000d5c00000,0x00000000d5c80000)
 ParOldGen       total 1396224K, used 1396164K [0x0000000080000000, 0x00000000d5380000, 0x00000000d5580000)
  object space 1396224K, 99% used [0x0000000080000000,0x00000000d53713e8,0x00000000d5380000)
 Metaspace       used 91042K, committed 92992K, reserved 1179648K
  class space    used 9132K, committed 10048K, reserved 1048576K
}
Event: 9927.951 GC heap after
{Heap after GC invocations=1983 (full 5):
 PSYoungGen      total 5632K, used 500K [0x00000000d5580000, 0x00000000d5c80000, 0x0000000100000000)
  eden space 5120K, 0% used [0x00000000d5580000,0x00000000d5580000,0x00000000d5a80000)
  from space 512K, 97% used [0x00000000d5c00000,0x00000000d5c7d200,0x00000000d5c80000)
  to   space 1024K, 0% used [0x00000000d5a80000,0x00000000d5a80000,0x00000000d5b80000)
 ParOldGen       total 1396736K, used 1396468K [0x0000000080000000, 0x00000000d5400000, 0x00000000d5580000)
  object space 1396736K, 99% used [0x0000000080000000,0x00000000d53bd3e8,0x00000000d5400000)
 Metaspace       used 91042K, committed 92992K, reserved 1179648K
  class space    used 9132K, committed 10048K, reserved 1048576K
}
Event: 9927.971 GC heap before
{Heap before GC invocations=1984 (full 5):
 PSYoungGen      total 5632K, used 5620K [0x00000000d5580000, 0x00000000d5c80000, 0x0000000100000000)
  eden space 5120K, 100% used [0x00000000d5580000,0x00000000d5a80000,0x00000000d5a80000)
  from space 512K, 97% used [0x00000000d5c00000,0x00000000d5c7d200,0x00000000d5c80000)
  to   space 1024K, 0% used [0x00000000d5a80000,0x00000000d5a80000,0x00000000d5b80000)
 ParOldGen       total 1396736K, used 1396468K [0x0000000080000000, 0x00000000d5400000, 0x00000000d5580000)
  object space 1396736K, 99% used [0x0000000080000000,0x00000000d53bd3e8,0x00000000d5400000)
 Metaspace       used 91042K, committed 92992K, reserved 1179648K
  class space    used 9132K, committed 10048K, reserved 1048576K
}
Event: 9927.974 GC heap after
{Heap after GC invocations=1984 (full 5):
 PSYoungGen      total 6144K, used 448K [0x00000000d5580000, 0x00000000d5c80000, 0x0000000100000000)
  eden space 5120K, 0% used [0x00000000d5580000,0x00000000d5580000,0x00000000d5a80000)
  from space 1024K, 43% used [0x00000000d5a80000,0x00000000d5af0000,0x00000000d5b80000)
  to   space 1024K, 0% used [0x00000000d5b80000,0x00000000d5b80000,0x00000000d5c80000)
 ParOldGen       total 1397248K, used 1396977K [0x0000000080000000, 0x00000000d5480000, 0x00000000d5580000)
  object space 1397248K, 99% used [0x0000000080000000,0x00000000d543c5f8,0x00000000d5480000)
 Metaspace       used 91042K, committed 92992K, reserved 1179648K
  class space    used 9132K, committed 10048K, reserved 1048576K
}
Event: 9932.803 GC heap before
{Heap before GC invocations=1985 (full 5):
 PSYoungGen      total 6144K, used 5568K [0x00000000d5580000, 0x00000000d5c80000, 0x0000000100000000)
  eden space 5120K, 100% used [0x00000000d5580000,0x00000000d5a80000,0x00000000d5a80000)
  from space 1024K, 43% used [0x00000000d5a80000,0x00000000d5af0000,0x00000000d5b80000)
  to   space 1024K, 0% used [0x00000000d5b80000,0x00000000d5b80000,0x00000000d5c80000)
 ParOldGen       total 1397248K, used 1396977K [0x0000000080000000, 0x00000000d5480000, 0x00000000d5580000)
  object space 1397248K, 99% used [0x0000000080000000,0x00000000d543c5f8,0x00000000d5480000)
 Metaspace       used 91046K, committed 92992K, reserved 1179648K
  class space    used 9132K, committed 10048K, reserved 1048576K
}
Event: 9932.809 GC heap after
{Heap after GC invocations=1985 (full 5):
 PSYoungGen      total 6144K, used 538K [0x00000000d5580000, 0x00000000d5c80000, 0x0000000100000000)
  eden space 5120K, 0% used [0x00000000d5580000,0x00000000d5580000,0x00000000d5a80000)
  from space 1024K, 52% used [0x00000000d5b80000,0x00000000d5c06900,0x00000000d5c80000)
  to   space 1024K, 0% used [0x00000000d5a80000,0x00000000d5a80000,0x00000000d5b80000)
 ParOldGen       total 1397248K, used 1397215K [0x0000000080000000, 0x00000000d5480000, 0x00000000d5580000)
  object space 1397248K, 99% used [0x0000000080000000,0x00000000d5477d78,0x00000000d5480000)
 Metaspace       used 91046K, committed 92992K, reserved 1179648K
  class space    used 9132K, committed 10048K, reserved 1048576K
}
Event: 9932.845 GC heap before
{Heap before GC invocations=1986 (full 5):
 PSYoungGen      total 6144K, used 5658K [0x00000000d5580000, 0x00000000d5c80000, 0x0000000100000000)
  eden space 5120K, 100% used [0x00000000d5580000,0x00000000d5a80000,0x00000000d5a80000)
  from space 1024K, 52% used [0x00000000d5b80000,0x00000000d5c06900,0x00000000d5c80000)
  to   space 1024K, 0% used [0x00000000d5a80000,0x00000000d5a80000,0x00000000d5b80000)
 ParOldGen       total 1397248K, used 1397215K [0x0000000080000000, 0x00000000d5480000, 0x00000000d5580000)
  object space 1397248K, 99% used [0x0000000080000000,0x00000000d5477d78,0x00000000d5480000)
 Metaspace       used 91048K, committed 92992K, reserved 1179648K
  class space    used 9132K, committed 10048K, reserved 1048576K
}
Event: 9932.851 GC heap after
{Heap after GC invocations=1986 (full 5):
 PSYoungGen      total 6144K, used 1024K [0x00000000d5580000, 0x00000000d5e80000, 0x0000000100000000)
  eden space 5120K, 0% used [0x00000000d5580000,0x00000000d5580000,0x00000000d5a80000)
  from space 1024K, 100% used [0x00000000d5a80000,0x00000000d5b80000,0x00000000d5b80000)
  to   space 2048K, 0% used [0x00000000d5c80000,0x00000000d5c80000,0x00000000d5e80000)
 ParOldGen       total 1397760K, used 1397671K [0x0000000080000000, 0x00000000d5500000, 0x00000000d5580000)
  object space 1397760K, 99% used [0x0000000080000000,0x00000000d54e9c78,0x00000000d5500000)
 Metaspace       used 91048K, committed 92992K, reserved 1179648K
  class space    used 9132K, committed 10048K, reserved 1048576K
}
Event: 9932.865 GC heap before
{Heap before GC invocations=1987 (full 5):
 PSYoungGen      total 6144K, used 6144K [0x00000000d5580000, 0x00000000d5e80000, 0x0000000100000000)
  eden space 5120K, 100% used [0x00000000d5580000,0x00000000d5a80000,0x00000000d5a80000)
  from space 1024K, 100% used [0x00000000d5a80000,0x00000000d5b80000,0x00000000d5b80000)
  to   space 2048K, 0% used [0x00000000d5c80000,0x00000000d5c80000,0x00000000d5e80000)
 ParOldGen       total 1397760K, used 1397671K [0x0000000080000000, 0x00000000d5500000, 0x00000000d5580000)
  object space 1397760K, 99% used [0x0000000080000000,0x00000000d54e9c78,0x00000000d5500000)
 Metaspace       used 91048K, committed 92992K, reserved 1179648K
  class space    used 9132K, committed 10048K, reserved 1048576K
}
Event: 9932.873 GC heap after
{Heap after GC invocations=1987 (full 5):
 PSYoungGen      total 6144K, used 6144K [0x00000000d5580000, 0x00000000d5e80000, 0x0000000100000000)
  eden space 5120K, 100% used [0x00000000d5580000,0x00000000d5a80000,0x00000000d5a80000)
  from space 1024K, 100% used [0x00000000d5a80000,0x00000000d5b80000,0x00000000d5b80000)
  to   space 2048K, 37% used [0x00000000d5c80000,0x00000000d5d3ee10,0x00000000d5e80000)
 ParOldGen       total 1398272K, used 1398271K [0x0000000080000000, 0x00000000d5580000, 0x00000000d5580000)
  object space 1398272K, 99% used [0x0000000080000000,0x00000000d557fc78,0x00000000d5580000)
 Metaspace       used 91048K, committed 92992K, reserved 1179648K
  class space    used 9132K, committed 10048K, reserved 1048576K
}
Event: 9932.873 GC heap before
{Heap before GC invocations=1988 (full 6):
 PSYoungGen      total 6144K, used 6144K [0x00000000d5580000, 0x00000000d5e80000, 0x0000000100000000)
  eden space 5120K, 100% used [0x00000000d5580000,0x00000000d5a80000,0x00000000d5a80000)
  from space 1024K, 100% used [0x00000000d5a80000,0x00000000d5b80000,0x00000000d5b80000)
  to   space 2048K, 37% used [0x00000000d5c80000,0x00000000d5d3ee10,0x00000000d5e80000)
 ParOldGen       total 1398272K, used 1398271K [0x0000000080000000, 0x00000000d5580000, 0x00000000d5580000)
  object space 1398272K, 99% used [0x0000000080000000,0x00000000d557fc78,0x00000000d5580000)
 Metaspace       used 91048K, committed 92992K, reserved 1179648K
  class space    used 9132K, committed 10048K, reserved 1048576K
}

Dll operation events (11 events):
Event: 0.021 Loaded shared library c:\Users\thang\.vscode\extensions\redhat.java-1.47.0-win32-x64\jre\21.0.8-win32-x86_64\bin\java.dll
Event: 0.208 Loaded shared library c:\Users\thang\.vscode\extensions\redhat.java-1.47.0-win32-x64\jre\21.0.8-win32-x86_64\bin\zip.dll
Event: 0.239 Loaded shared library C:\Users\thang\.vscode\extensions\redhat.java-1.47.0-win32-x64\jre\21.0.8-win32-x86_64\bin\instrument.dll
Event: 0.245 Loaded shared library C:\Users\thang\.vscode\extensions\redhat.java-1.47.0-win32-x64\jre\21.0.8-win32-x86_64\bin\net.dll
Event: 0.248 Loaded shared library C:\Users\thang\.vscode\extensions\redhat.java-1.47.0-win32-x64\jre\21.0.8-win32-x86_64\bin\nio.dll
Event: 0.252 Loaded shared library C:\Users\thang\.vscode\extensions\redhat.java-1.47.0-win32-x64\jre\21.0.8-win32-x86_64\bin\zip.dll
Event: 0.276 Loaded shared library C:\Users\thang\.vscode\extensions\redhat.java-1.47.0-win32-x64\jre\21.0.8-win32-x86_64\bin\jimage.dll
Event: 0.440 Loaded shared library c:\Users\thang\.vscode\extensions\redhat.java-1.47.0-win32-x64\jre\21.0.8-win32-x86_64\bin\verify.dll
Event: 11.169 Loaded shared library C:\Users\thang\AppData\Roaming\Code\User\globalStorage\redhat.java\1.47.0\config_win\org.eclipse.equinox.launcher\org.eclipse.equinox.launcher.win32.win32.x86_64_1.2.1400.v20250801-0854\eclipse_11916.dll
Event: 39.928 Loaded shared library C:\Users\thang\AppData\Local\Temp\jna-110323430\jna11287499649623481073.dll
Event: 1030.013 Loaded shared library C:\Users\thang\.vscode\extensions\redhat.java-1.47.0-win32-x64\jre\21.0.8-win32-x86_64\bin\extnet.dll

Deoptimization events (20 events):
Event: 9923.701 Thread 0x00000206d3592230 Uncommon trap: trap_request=0xffffffc6 fr.pc=0x00000206f37bffbc relative=0x000000000000009c
Event: 9923.701 Thread 0x00000206d3592230 Uncommon trap: reason=bimorphic_or_optimized_type_check action=maybe_recompile pc=0x00000206f37bffbc method=org.eclipse.jdt.internal.compiler.lookup.WildcardBinding.typeArgumentDepth()I @ 20 c2
Event: 9923.701 Thread 0x00000206d3592230 DEOPT PACKING pc=0x00000206f37bffbc sp=0x000000b17bffe450
Event: 9923.701 Thread 0x00000206d3592230 DEOPT UNPACKING pc=0x00000206f2b63aa2 sp=0x000000b17bffe3c0 mode 2
Event: 9923.721 Thread 0x00000206d3592230 Uncommon trap: trap_request=0xffffffc6 fr.pc=0x00000206f37bffbc relative=0x000000000000009c
Event: 9923.721 Thread 0x00000206d3592230 Uncommon trap: reason=bimorphic_or_optimized_type_check action=maybe_recompile pc=0x00000206f37bffbc method=org.eclipse.jdt.internal.compiler.lookup.WildcardBinding.typeArgumentDepth()I @ 20 c2
Event: 9923.721 Thread 0x00000206d3592230 DEOPT PACKING pc=0x00000206f37bffbc sp=0x000000b17bffe450
Event: 9923.721 Thread 0x00000206d3592230 DEOPT UNPACKING pc=0x00000206f2b63aa2 sp=0x000000b17bffe3c0 mode 2
Event: 9932.821 Thread 0x00000206c86a3020 Uncommon trap: trap_request=0xffffffde fr.pc=0x00000206f4603cf8 relative=0x0000000000000138
Event: 9932.821 Thread 0x00000206c86a3020 Uncommon trap: reason=class_check action=maybe_recompile pc=0x00000206f4603cf8 method=org.eclipse.jdt.internal.compiler.lookup.FieldBinding.constant(Lorg/eclipse/jdt/internal/compiler/lookup/Scope;)Lorg/eclipse/jdt/internal/compiler/impl/Constant; @ 13 c2
Event: 9932.821 Thread 0x00000206c86a3020 DEOPT PACKING pc=0x00000206f4603cf8 sp=0x000000b17bdfda00
Event: 9932.821 Thread 0x00000206c86a3020 DEOPT UNPACKING pc=0x00000206f2b63aa2 sp=0x000000b17bdfd968 mode 2
Event: 9932.821 Thread 0x00000206c86a3020 Uncommon trap: trap_request=0xffffffc6 fr.pc=0x00000206f4be95dc relative=0x0000000000000f1c
Event: 9932.821 Thread 0x00000206c86a3020 Uncommon trap: reason=bimorphic_or_optimized_type_check action=maybe_recompile pc=0x00000206f4be95dc method=org.eclipse.jdt.internal.compiler.lookup.Scope.findMethodInSuperInterfaces(Lorg/eclipse/jdt/internal/compiler/lookup/ReferenceBinding;[CLorg/eclips
Event: 9932.821 Thread 0x00000206c86a3020 DEOPT PACKING pc=0x00000206f4be95dc sp=0x000000b17bdfd7d0
Event: 9932.821 Thread 0x00000206c86a3020 DEOPT UNPACKING pc=0x00000206f2b63aa2 sp=0x000000b17bdfd778 mode 2
Event: 9932.832 Thread 0x00000206c86a3020 Uncommon trap: trap_request=0xffffff45 fr.pc=0x00000206f3865a34 relative=0x0000000000003134
Event: 9932.832 Thread 0x00000206c86a3020 Uncommon trap: reason=unstable_if action=reinterpret pc=0x00000206f3865a34 method=org.eclipse.jdt.core.dom.ASTConverter.convert(Lorg/eclipse/jdt/internal/compiler/ast/Statement;)Lorg/eclipse/jdt/core/dom/Statement; @ 342 c2
Event: 9932.832 Thread 0x00000206c86a3020 DEOPT PACKING pc=0x00000206f3865a34 sp=0x000000b17bdfda60
Event: 9932.832 Thread 0x00000206c86a3020 DEOPT UNPACKING pc=0x00000206f2b63aa2 sp=0x000000b17bdfda98 mode 2

Classes loaded (20 events):
Event: 2240.316 Loading class jdk/internal/module/IllegalAccessLogger
Event: 2240.316 Loading class jdk/internal/module/IllegalAccessLogger done
Event: 2241.003 Loading class java/nio/channels/CompletionHandler
Event: 2241.004 Loading class java/nio/channels/CompletionHandler done
Event: 2252.734 Loading class jdk/internal/module/IllegalAccessLogger
Event: 2252.734 Loading class jdk/internal/module/IllegalAccessLogger done
Event: 2260.454 Loading class java/lang/Throwable$WrappedPrintWriter
Event: 2260.455 Loading class java/lang/Throwable$PrintStreamOrWriter
Event: 2260.455 Loading class java/lang/Throwable$PrintStreamOrWriter done
Event: 2260.455 Loading class java/lang/Throwable$WrappedPrintWriter done
Event: 2261.360 Loading class jdk/internal/module/IllegalAccessLogger
Event: 2261.360 Loading class jdk/internal/module/IllegalAccessLogger done
Event: 9860.768 Loading class java/util/stream/ReferencePipeline$15
Event: 9860.769 Loading class java/util/stream/ReferencePipeline$15 done
Event: 9860.771 Loading class java/util/stream/ReferencePipeline$15$1
Event: 9860.772 Loading class java/util/stream/ReferencePipeline$15$1 done
Event: 9861.074 Loading class java/io/Console
Event: 9861.074 Loading class java/io/Console done
Event: 9861.088 Loading class java/util/HashMap$EntrySpliterator
Event: 9861.088 Loading class java/util/HashMap$EntrySpliterator done

Classes unloaded (20 events):
Event: 9932.954 Thread 0x00000206e61aea50 Unloading class 0x0000020681017400 'java/lang/invoke/LambdaForm$MH+0x0000020681017400'
Event: 9932.954 Thread 0x00000206e61aea50 Unloading class 0x0000020681016400 'java/lang/invoke/LambdaForm$MH+0x0000020681016400'
Event: 9932.954 Thread 0x00000206e61aea50 Unloading class 0x000002068100d800 'java/lang/invoke/LambdaForm$MH+0x000002068100d800'
Event: 9932.954 Thread 0x00000206e61aea50 Unloading class 0x000002068100d400 'java/lang/invoke/LambdaForm$MH+0x000002068100d400'
Event: 9932.954 Thread 0x00000206e61aea50 Unloading class 0x000002068100d000 'java/lang/invoke/LambdaForm$MH+0x000002068100d000'
Event: 9932.954 Thread 0x00000206e61aea50 Unloading class 0x000002068100cc00 'java/lang/invoke/LambdaForm$MH+0x000002068100cc00'
Event: 9932.954 Thread 0x00000206e61aea50 Unloading class 0x000002068100c800 'java/lang/invoke/LambdaForm$BMH+0x000002068100c800'
Event: 9932.954 Thread 0x00000206e61aea50 Unloading class 0x000002068100c000 'java/lang/invoke/LambdaForm$DMH+0x000002068100c000'
Event: 9932.954 Thread 0x00000206e61aea50 Unloading class 0x0000020681008c00 'java/lang/invoke/LambdaForm$MH+0x0000020681008c00'
Event: 9932.954 Thread 0x00000206e61aea50 Unloading class 0x0000020681008800 'java/lang/invoke/LambdaForm$MH+0x0000020681008800'
Event: 9932.954 Thread 0x00000206e61aea50 Unloading class 0x0000020681008400 'java/lang/invoke/LambdaForm$MH+0x0000020681008400'
Event: 9932.954 Thread 0x00000206e61aea50 Unloading class 0x0000020681007000 'java/lang/invoke/LambdaForm$MH+0x0000020681007000'
Event: 9932.954 Thread 0x00000206e61aea50 Unloading class 0x0000020681006800 'java/lang/invoke/LambdaForm$MH+0x0000020681006800'
Event: 9932.955 Thread 0x00000206e61aea50 Unloading class 0x0000020681006400 'java/lang/invoke/LambdaForm$MH+0x0000020681006400'
Event: 9932.955 Thread 0x00000206e61aea50 Unloading class 0x0000020681006000 'java/lang/invoke/LambdaForm$MH+0x0000020681006000'
Event: 9932.955 Thread 0x00000206e61aea50 Unloading class 0x0000020681005c00 'java/lang/invoke/LambdaForm$BMH+0x0000020681005c00'
Event: 9932.955 Thread 0x00000206e61aea50 Unloading class 0x0000020681004800 'java/lang/invoke/LambdaForm$DMH+0x0000020681004800'
Event: 9932.955 Thread 0x00000206e61aea50 Unloading class 0x0000020681002400 'java/lang/invoke/LambdaForm$MH+0x0000020681002400'
Event: 9932.955 Thread 0x00000206e61aea50 Unloading class 0x0000020681002000 'java/lang/invoke/LambdaForm$MH+0x0000020681002000'
Event: 9932.955 Thread 0x00000206e61aea50 Unloading class 0x0000020681001800 'java/lang/invoke/LambdaForm$MH+0x0000020681001800'

Classes redefined (0 events):
No events

Internal exceptions (20 events):
Event: 2261.229 Thread 0x00000206c6a92b50 Exception <a 'sun/nio/fs/WindowsException'{0x00000000d58f6970}> (0x00000000d58f6970) 
thrown [s\src\hotspot\share\prims\jni.cpp, line 520]
Event: 2261.247 Thread 0x00000206c6a92b50 Exception <a 'sun/nio/fs/WindowsException'{0x00000000d55ce780}> (0x00000000d55ce780) 
thrown [s\src\hotspot\share\prims\jni.cpp, line 520]
Event: 2538.950 Thread 0x00000206c86a7850 Exception <a 'sun/nio/fs/WindowsException'{0x00000000d56abf30}> (0x00000000d56abf30) 
thrown [s\src\hotspot\share\prims\jni.cpp, line 520]
Event: 2538.950 Thread 0x00000206c86a7850 Exception <a 'sun/nio/fs/WindowsException'{0x00000000d56ac7f8}> (0x00000000d56ac7f8) 
thrown [s\src\hotspot\share\prims\jni.cpp, line 520]
Event: 6623.415 Thread 0x00000206c7de5200 Implicit null exception at 0x00000206f49990e6 to 0x00000206f499aab8
Event: 6623.736 Thread 0x00000206c86a3d40 Exception <a 'sun/nio/fs/WindowsException'{0x00000000d56a58f8}> (0x00000000d56a58f8) 
thrown [s\src\hotspot\share\prims\jni.cpp, line 520]
Event: 6623.736 Thread 0x00000206c86a3d40 Exception <a 'sun/nio/fs/WindowsException'{0x00000000d56a5f68}> (0x00000000d56a5f68) 
thrown [s\src\hotspot\share\prims\jni.cpp, line 520]
Event: 7606.954 Thread 0x00000206c86a15e0 Exception <a 'sun/nio/fs/WindowsException'{0x00000000d55933a0}> (0x00000000d55933a0) 
thrown [s\src\hotspot\share\prims\jni.cpp, line 520]
Event: 7606.954 Thread 0x00000206c86a15e0 Exception <a 'sun/nio/fs/WindowsException'{0x00000000d5593c68}> (0x00000000d5593c68) 
thrown [s\src\hotspot\share\prims\jni.cpp, line 520]
Event: 7606.954 Thread 0x00000206c86a15e0 Exception <a 'sun/nio/fs/WindowsException'{0x00000000d5594980}> (0x00000000d5594980) 
thrown [s\src\hotspot\share\prims\jni.cpp, line 520]
Event: 7606.955 Thread 0x00000206c86a15e0 Exception <a 'sun/nio/fs/WindowsException'{0x00000000d5595248}> (0x00000000d5595248) 
thrown [s\src\hotspot\share\prims\jni.cpp, line 520]
Event: 7606.956 Thread 0x00000206c86a15e0 Exception <a 'sun/nio/fs/WindowsException'{0x00000000d5596bf0}> (0x00000000d5596bf0) 
thrown [s\src\hotspot\share\prims\jni.cpp, line 520]
Event: 7606.956 Thread 0x00000206c86a15e0 Exception <a 'sun/nio/fs/WindowsException'{0x00000000d5597208}> (0x00000000d5597208) 
thrown [s\src\hotspot\share\prims\jni.cpp, line 520]
Event: 7606.976 Thread 0x00000206c86a15e0 Exception <a 'sun/nio/fs/WindowsException'{0x00000000d55b5068}> (0x00000000d55b5068) 
thrown [s\src\hotspot\share\prims\jni.cpp, line 520]
Event: 7606.977 Thread 0x00000206c86a15e0 Exception <a 'sun/nio/fs/WindowsException'{0x00000000d55b5930}> (0x00000000d55b5930) 
thrown [s\src\hotspot\share\prims\jni.cpp, line 520]
Event: 7607.204 Thread 0x00000206c86a2990 Exception <a 'sun/nio/fs/WindowsException'{0x00000000d57fbe58}> (0x00000000d57fbe58) 
thrown [s\src\hotspot\share\prims\jni.cpp, line 520]
Event: 7607.204 Thread 0x00000206c86a2990 Exception <a 'sun/nio/fs/WindowsException'{0x00000000d57fc4c8}> (0x00000000d57fc4c8) 
thrown [s\src\hotspot\share\prims\jni.cpp, line 520]
Event: 9847.251 Thread 0x00000206c86a71c0 Implicit null exception at 0x00000206f3e33297 to 0x00000206f3e34eec
Event: 9847.265 Thread 0x00000206c86a71c0 Implicit null exception at 0x00000206f4318123 to 0x00000206f43197f4
Event: 9847.677 Thread 0x00000206c86a8c00 Implicit null exception at 0x00000206f45ef78b to 0x00000206f45efcac

ZGC Phase Switch (0 events):
No events

VM Operations (20 events):
Event: 9923.690 Executing VM operation: ParallelGCFailedAllocation (Allocation Failure) done
Event: 9923.705 Executing VM operation: ParallelGCFailedAllocation (Allocation Failure)
Event: 9923.707 Executing VM operation: ParallelGCFailedAllocation (Allocation Failure) done
Event: 9924.003 Executing VM operation: ParallelGCFailedAllocation (Allocation Failure)
Event: 9924.007 Executing VM operation: ParallelGCFailedAllocation (Allocation Failure) done
Event: 9924.031 Executing VM operation: ParallelGCFailedAllocation (Allocation Failure)
Event: 9924.035 Executing VM operation: ParallelGCFailedAllocation (Allocation Failure) done
Event: 9925.043 Executing VM operation: Cleanup
Event: 9925.043 Executing VM operation: Cleanup done
Event: 9927.937 Executing VM operation: ParallelGCFailedAllocation (Allocation Failure)
Event: 9927.939 Executing VM operation: ParallelGCFailedAllocation (Allocation Failure) done
Event: 9927.949 Executing VM operation: ParallelGCFailedAllocation (Allocation Failure)
Event: 9927.951 Executing VM operation: ParallelGCFailedAllocation (Allocation Failure) done
Event: 9927.971 Executing VM operation: ParallelGCFailedAllocation (Allocation Failure)
Event: 9927.974 Executing VM operation: ParallelGCFailedAllocation (Allocation Failure) done
Event: 9932.803 Executing VM operation: ParallelGCFailedAllocation (Allocation Failure)
Event: 9932.809 Executing VM operation: ParallelGCFailedAllocation (Allocation Failure) done
Event: 9932.844 Executing VM operation: ParallelGCFailedAllocation (Allocation Failure)
Event: 9932.851 Executing VM operation: ParallelGCFailedAllocation (Allocation Failure) done
Event: 9932.865 Executing VM operation: ParallelGCFailedAllocation (Allocation Failure)

Memory protections (0 events):
No events

Nmethod flushes (20 events):
Event: 9933.153 Thread 0x00000206e61aea50 flushing  nmethod 0x00000206ee5e2b10
Event: 9933.153 Thread 0x00000206e61aea50 flushing  nmethod 0x00000206ee5e4190
Event: 9933.153 Thread 0x00000206e61aea50 flushing  nmethod 0x00000206ee5e9f10
Event: 9933.153 Thread 0x00000206e61aea50 flushing  nmethod 0x00000206ee5ef110
Event: 9933.153 Thread 0x00000206e61aea50 flushing  nmethod 0x00000206ee600d10
Event: 9933.153 Thread 0x00000206e61aea50 flushing  nmethod 0x00000206ee60cf10
Event: 9933.153 Thread 0x00000206e61aea50 flushing  nmethod 0x00000206ee60e990
Event: 9933.153 Thread 0x00000206e61aea50 flushing  nmethod 0x00000206ee610790
Event: 9933.153 Thread 0x00000206e61aea50 flushing  nmethod 0x00000206ee635190
Event: 9933.153 Thread 0x00000206e61aea50 flushing  nmethod 0x00000206ee641690
Event: 9933.153 Thread 0x00000206e61aea50 flushing  nmethod 0x00000206ee641f90
Event: 9933.153 Thread 0x00000206e61aea50 flushing  nmethod 0x00000206ee645990
Event: 9933.153 Thread 0x00000206e61aea50 flushing  nmethod 0x00000206ee693010
Event: 9933.153 Thread 0x00000206e61aea50 flushing  nmethod 0x00000206ee6e0a10
Event: 9933.153 Thread 0x00000206e61aea50 flushing  nmethod 0x00000206ee6e5090
Event: 9933.153 Thread 0x00000206e61aea50 flushing osr nmethod 0x00000206ee774610
Event: 9933.153 Thread 0x00000206e61aea50 flushing osr nmethod 0x00000206ee776590
Event: 9933.153 Thread 0x00000206e61aea50 flushing  nmethod 0x00000206ee77c790
Event: 9933.154 Thread 0x00000206e61aea50 flushing  nmethod 0x00000206ee835210
Event: 9933.154 Thread 0x00000206e61aea50 flushing  nmethod 0x00000206ee894a90

Events (20 events):
Event: 9848.663 Thread 0x00000206c9001060 Thread exited: 0x00000206c9001060
Event: 9851.147 Thread 0x00000206c86a4a60 Thread added: 0x00000206c86a2300
Event: 9851.147 Thread 0x00000206c86a43d0 Thread added: 0x00000206c86a3020
Event: 9851.147 Thread 0x00000206c86a4a60 Thread added: 0x00000206c86a3d40
Event: 9860.891 Thread 0x00000206fee63190 Thread added: 0x00000206d3507370
Event: 9861.093 Thread 0x00000206c86a15e0 Thread added: 0x00000206d3594300
Event: 9861.124 Thread 0x00000206fee63190 Thread added: 0x00000206d35087e0
Event: 9861.776 Thread 0x00000206d35087e0 Thread exited: 0x00000206d35087e0
Event: 9861.777 Thread 0x00000206d3507370 Thread exited: 0x00000206d3507370
Event: 9861.792 Thread 0x00000206fee63190 Thread added: 0x00000206d350cc00
Event: 9861.805 Thread 0x00000206fee63190 Thread added: 0x00000206d350a9f0
Event: 9866.924 Thread 0x00000206d350a9f0 Thread exited: 0x00000206d350a9f0
Event: 9871.929 Thread 0x00000206d350cc00 Thread exited: 0x00000206d350cc00
Event: 9873.233 Thread 0x00000206fee63190 Thread added: 0x00000206d350cc00
Event: 9874.801 Thread 0x00000206d350cc00 Thread exited: 0x00000206d350cc00
Event: 9895.327 Thread 0x00000206c86a15e0 Thread added: 0x00000206d3592230
Event: 9895.440 Thread 0x00000206fee63190 Thread added: 0x00000206d350a9f0
Event: 9895.453 Thread 0x00000206fee63190 Thread added: 0x00000206d3508110
Event: 9896.987 Thread 0x00000206d3508110 Thread exited: 0x00000206d3508110
Event: 9902.125 Thread 0x00000206d350a9f0 Thread exited: 0x00000206d350a9f0


Dynamic libraries:
0x00007ff6d8250000 - 0x00007ff6d825e000 	c:\Users\thang\.vscode\extensions\redhat.java-1.47.0-win32-x64\jre\21.0.8-win32-x86_64\bin\java.exe
0x00007ffba3d90000 - 0x00007ffba3f88000 	C:\WINDOWS\SYSTEM32\ntdll.dll
0x00007ffba32a0000 - 0x00007ffba3362000 	C:\WINDOWS\System32\KERNEL32.DLL
0x00007ffba1820000 - 0x00007ffba1b16000 	C:\WINDOWS\System32\KERNELBASE.dll
0x00007ffba1cb0000 - 0x00007ffba1db0000 	C:\WINDOWS\System32\ucrtbase.dll
0x00007ffb879a0000 - 0x00007ffb879b8000 	c:\Users\thang\.vscode\extensions\redhat.java-1.47.0-win32-x64\jre\21.0.8-win32-x86_64\bin\jli.dll
0x00007ffb72750000 - 0x00007ffb7276e000 	c:\Users\thang\.vscode\extensions\redhat.java-1.47.0-win32-x64\jre\21.0.8-win32-x86_64\bin\VCRUNTIME140.dll
0x00007ffba2860000 - 0x00007ffba2a01000 	C:\WINDOWS\System32\USER32.dll
0x00007ffba1b70000 - 0x00007ffba1b92000 	C:\WINDOWS\System32\win32u.dll
0x00007ffba3d10000 - 0x00007ffba3d3b000 	C:\WINDOWS\System32\GDI32.dll
0x00007ffb8e290000 - 0x00007ffb8e52b000 	C:\WINDOWS\WinSxS\amd64_microsoft.windows.common-controls_6595b64144ccf1df_6.0.19041.6456_none_60b8a6cb71f64256\COMCTL32.dll
0x00007ffba1700000 - 0x00007ffba1819000 	C:\WINDOWS\System32\gdi32full.dll
0x00007ffba1450000 - 0x00007ffba14ed000 	C:\WINDOWS\System32\msvcp_win.dll
0x00007ffba2e30000 - 0x00007ffba2ece000 	C:\WINDOWS\System32\msvcrt.dll
0x00007ffba2df0000 - 0x00007ffba2e1f000 	C:\WINDOWS\System32\IMM32.DLL
0x00007ffb92500000 - 0x00007ffb9250c000 	c:\Users\thang\.vscode\extensions\redhat.java-1.47.0-win32-x64\jre\21.0.8-win32-x86_64\bin\vcruntime140_1.dll
0x00007ffb5c850000 - 0x00007ffb5c8dd000 	c:\Users\thang\.vscode\extensions\redhat.java-1.47.0-win32-x64\jre\21.0.8-win32-x86_64\bin\msvcp140.dll
0x00007ffb1c760000 - 0x00007ffb1d4f7000 	c:\Users\thang\.vscode\extensions\redhat.java-1.47.0-win32-x64\jre\21.0.8-win32-x86_64\bin\server\jvm.dll
0x00007ffba3c50000 - 0x00007ffba3d01000 	C:\WINDOWS\System32\ADVAPI32.dll
0x00007ffba2220000 - 0x00007ffba22bf000 	C:\WINDOWS\System32\sechost.dll
0x00007ffba3180000 - 0x00007ffba32a0000 	C:\WINDOWS\System32\RPCRT4.dll
0x00007ffba1420000 - 0x00007ffba1447000 	C:\WINDOWS\System32\bcrypt.dll
0x00007ffba2f50000 - 0x00007ffba2fbb000 	C:\WINDOWS\System32\WS2_32.dll
0x00007ffba0920000 - 0x00007ffba096b000 	C:\WINDOWS\SYSTEM32\POWRPROF.dll
0x00007ffb8eb00000 - 0x00007ffb8eb27000 	C:\WINDOWS\SYSTEM32\WINMM.dll
0x00007ffb983f0000 - 0x00007ffb983fa000 	C:\WINDOWS\SYSTEM32\VERSION.dll
0x00007ffba07e0000 - 0x00007ffba07f2000 	C:\WINDOWS\SYSTEM32\UMPDC.dll
0x00007ffb9f250000 - 0x00007ffb9f262000 	C:\WINDOWS\SYSTEM32\kernel.appcore.dll
0x00007ffb8a2e0000 - 0x00007ffb8a2ea000 	c:\Users\thang\.vscode\extensions\redhat.java-1.47.0-win32-x64\jre\21.0.8-win32-x86_64\bin\jimage.dll
0x00007ffb99200000 - 0x00007ffb99401000 	C:\WINDOWS\SYSTEM32\DBGHELP.DLL
0x00007ffb98cf0000 - 0x00007ffb98d24000 	C:\WINDOWS\SYSTEM32\dbgcore.DLL
0x00007ffba1ba0000 - 0x00007ffba1c22000 	C:\WINDOWS\System32\bcryptPrimitives.dll
0x00007ffb8a030000 - 0x00007ffb8a03f000 	c:\Users\thang\.vscode\extensions\redhat.java-1.47.0-win32-x64\jre\21.0.8-win32-x86_64\bin\instrument.dll
0x00007ffb6d960000 - 0x00007ffb6d97f000 	c:\Users\thang\.vscode\extensions\redhat.java-1.47.0-win32-x64\jre\21.0.8-win32-x86_64\bin\java.dll
0x00007ffba34e0000 - 0x00007ffba3c50000 	C:\WINDOWS\System32\SHELL32.dll
0x00007ffb9f450000 - 0x00007ffb9fbf5000 	C:\WINDOWS\SYSTEM32\windows.storage.dll
0x00007ffba2a70000 - 0x00007ffba2dc4000 	C:\WINDOWS\System32\combase.dll
0x00007ffba0d70000 - 0x00007ffba0d9b000 	C:\WINDOWS\SYSTEM32\Wldp.dll
0x00007ffba2790000 - 0x00007ffba285d000 	C:\WINDOWS\System32\OLEAUT32.dll
0x00007ffba3370000 - 0x00007ffba341d000 	C:\WINDOWS\System32\SHCORE.dll
0x00007ffba2550000 - 0x00007ffba25ab000 	C:\WINDOWS\System32\shlwapi.dll
0x00007ffba1350000 - 0x00007ffba1374000 	C:\WINDOWS\SYSTEM32\profapi.dll
0x00007ffb6d380000 - 0x00007ffb6d398000 	c:\Users\thang\.vscode\extensions\redhat.java-1.47.0-win32-x64\jre\21.0.8-win32-x86_64\bin\zip.dll
0x00007ffb89fa0000 - 0x00007ffb89fb0000 	C:\Users\thang\.vscode\extensions\redhat.java-1.47.0-win32-x64\jre\21.0.8-win32-x86_64\bin\net.dll
0x00007ffb9a920000 - 0x00007ffb9aa2a000 	C:\WINDOWS\SYSTEM32\WINHTTP.dll
0x00007ffba0b50000 - 0x00007ffba0bba000 	C:\WINDOWS\system32\mswsock.dll
0x00007ffb6c480000 - 0x00007ffb6c496000 	C:\Users\thang\.vscode\extensions\redhat.java-1.47.0-win32-x64\jre\21.0.8-win32-x86_64\bin\nio.dll
0x00007ffb89ca0000 - 0x00007ffb89cb0000 	c:\Users\thang\.vscode\extensions\redhat.java-1.47.0-win32-x64\jre\21.0.8-win32-x86_64\bin\verify.dll
0x00007ffb60fc0000 - 0x00007ffb61004000 	C:\Users\thang\AppData\Roaming\Code\User\globalStorage\redhat.java\1.47.0\config_win\org.eclipse.equinox.launcher\org.eclipse.equinox.launcher.win32.win32.x86_64_1.2.1400.v20250801-0854\eclipse_11916.dll
0x00007ffba25b0000 - 0x00007ffba26db000 	C:\WINDOWS\System32\ole32.dll
0x00007ffba10e0000 - 0x00007ffba10f8000 	C:\WINDOWS\SYSTEM32\CRYPTSP.dll
0x00007ffba0420000 - 0x00007ffba0458000 	C:\WINDOWS\system32\rsaenh.dll
0x00007ffba12d0000 - 0x00007ffba12fe000 	C:\WINDOWS\SYSTEM32\USERENV.dll
0x00007ffba0ce0000 - 0x00007ffba0cec000 	C:\WINDOWS\SYSTEM32\CRYPTBASE.dll
0x00007ffba0800000 - 0x00007ffba083b000 	C:\WINDOWS\SYSTEM32\IPHLPAPI.DLL
0x00007ffba3d40000 - 0x00007ffba3d48000 	C:\WINDOWS\System32\NSI.dll
0x00007ffb5ced0000 - 0x00007ffb5cf19000 	C:\Users\thang\AppData\Local\Temp\jna-110323430\jna11287499649623481073.dll
0x00007ffba2e20000 - 0x00007ffba2e28000 	C:\WINDOWS\System32\PSAPI.DLL
0x00007ffb9ab30000 - 0x00007ffb9ab47000 	C:\WINDOWS\SYSTEM32\dhcpcsvc6.DLL
0x00007ffb9b550000 - 0x00007ffb9b56d000 	C:\WINDOWS\SYSTEM32\dhcpcsvc.DLL
0x00007ffb8b1c0000 - 0x00007ffb8b1c9000 	C:\Users\thang\.vscode\extensions\redhat.java-1.47.0-win32-x64\jre\21.0.8-win32-x86_64\bin\extnet.dll

JVMTI agents:
c:\Users\thang\.vscode\extensions\redhat.java-1.47.0-win32-x64\lombok\lombok-1.18.39-4050.jar path:c:\Users\thang\.vscode\extensions\redhat.java-1.47.0-win32-x64\jre\21.0.8-win32-x86_64\bin\instrument.dll, loaded, initialized, instrumentlib options:none

dbghelp: loaded successfully - version: 4.0.5 - missing functions: none
symbol engine: initialized successfully - sym options: 0x614 - pdb path: .;c:\Users\thang\.vscode\extensions\redhat.java-1.47.0-win32-x64\jre\21.0.8-win32-x86_64\bin;C:\WINDOWS\SYSTEM32;C:\WINDOWS\WinSxS\amd64_microsoft.windows.common-controls_6595b64144ccf1df_6.0.19041.6456_none_60b8a6cb71f64256;c:\Users\thang\.vscode\extensions\redhat.java-1.47.0-win32-x64\jre\21.0.8-win32-x86_64\bin\server;C:\Users\thang\AppData\Roaming\Code\User\globalStorage\redhat.java\1.47.0\config_win\org.eclipse.equinox.launcher\org.eclipse.equinox.launcher.win32.win32.x86_64_1.2.1400.v20250801-0854;C:\Users\thang\AppData\Local\Temp\jna-110323430

VM Arguments:
jvm_args: --add-modules=ALL-SYSTEM --add-opens=java.base/java.util=ALL-UNNAMED --add-opens=java.base/java.lang=ALL-UNNAMED --add-opens=java.base/sun.nio.fs=ALL-UNNAMED -Declipse.application=org.eclipse.jdt.ls.core.id1 -Dosgi.bundles.defaultStartLevel=4 -Declipse.product=org.eclipse.jdt.ls.core.product -Djava.import.generatesMetadataFilesAtProjectRoot=false -DDetectVMInstallationsJob.disabled=true -Dfile.encoding=utf8 -XX:+UseParallelGC -XX:GCTimeRatio=4 -XX:AdaptiveSizePolicyWeight=90 -Dsun.zip.disableMemoryMapping=true -Xmx2G -Xms100m -Xlog:disable -javaagent:c:\Users\thang\.vscode\extensions\redhat.java-1.47.0-win32-x64\lombok\lombok-1.18.39-4050.jar -XX:+HeapDumpOnOutOfMemoryError -XX:HeapDumpPath=c:\Users\thang\AppData\Roaming\Code\User\workspaceStorage\d5010f17ae01e40de2ab3cd01245b875\redhat.java -Daether.dependencyCollector.impl=bf 
java_command: c:\Users\thang\.vscode\extensions\redhat.java-1.47.0-win32-x64\server\plugins\org.eclipse.equinox.launcher_1.7.100.v20251014-1222.jar -configuration c:\Users\thang\AppData\Roaming\Code\User\globalStorage\redhat.java\1.47.0\config_win -data c:\Users\thang\AppData\Roaming\Code\User\workspaceStorage\d5010f17ae01e40de2ab3cd01245b875\redhat.java\jdt_ws --pipe=\\.\pipe\lsp-e934157c02cc9367530c5540f0ccbda5-sock
java_class_path (initial): c:\Users\thang\.vscode\extensions\redhat.java-1.47.0-win32-x64\server\plugins\org.eclipse.equinox.launcher_1.7.100.v20251014-1222.jar
Launcher Type: SUN_STANDARD

[Global flags]
    uintx AdaptiveSizePolicyWeight                 = 90                                        {product} {command line}
     intx CICompilerCount                          = 4                                         {product} {ergonomic}
    uintx GCTimeRatio                              = 4                                         {product} {command line}
     bool HeapDumpOnOutOfMemoryError               = true                                   {manageable} {command line}
    ccstr HeapDumpPath                             = c:\Users\thang\AppData\Roaming\Code\User\workspaceStorage\d5010f17ae01e40de2ab3cd01245b875\redhat.java         {manageable} {command line}
   size_t InitialHeapSize                          = 104857600                                 {product} {command line}
   size_t MaxHeapSize                              = 2147483648                                {product} {command line}
   size_t MaxNewSize                               = 715653120                                 {product} {ergonomic}
   size_t MinHeapDeltaBytes                        = 524288                                    {product} {ergonomic}
   size_t MinHeapSize                              = 104857600                                 {product} {command line}
   size_t NewSize                                  = 34603008                                  {product} {ergonomic}
    uintx NonNMethodCodeHeapSize                   = 5839372                                {pd product} {ergonomic}
    uintx NonProfiledCodeHeapSize                  = 122909434                              {pd product} {ergonomic}
   size_t OldSize                                  = 70254592                                  {product} {ergonomic}
    uintx ProfiledCodeHeapSize                     = 122909434                              {pd product} {ergonomic}
    uintx ReservedCodeCacheSize                    = 251658240                              {pd product} {ergonomic}
     bool SegmentedCodeCache                       = true                                      {product} {ergonomic}
   size_t SoftMaxHeapSize                          = 2147483648                             {manageable} {ergonomic}
     bool UseCompressedOops                        = true                           {product lp64_product} {ergonomic}
     bool UseLargePagesIndividualAllocation        = false                                  {pd product} {ergonomic}
     bool UseParallelGC                            = true                                      {product} {command line}

Logging:
Log output configuration:
 #0: stdout all=off uptime,level,tags foldmultilines=false
 #1: stderr all=off uptime,level,tags foldmultilines=false

Environment Variables:
JAVA_HOME=C:\Program Files\Java\jdk-21
PATH=C:\Program Files\Common Files\Oracle\Java\javapath;C:\WINDOWS\system32;C:\WINDOWS;C:\WINDOWS\System32\Wbem;C:\WINDOWS\System32\WindowsPowerShell\v1.0\;C:\WINDOWS\System32\OpenSSH\;C:\Program Files (x86)\Microsoft SQL Server\160\Tools\Binn\;C:\Program Files\Microsoft SQL Server\160\Tools\Binn\;C:\Program Files\Microsoft SQL Server\Client SDK\ODBC\170\Tools\Binn\;C:\Program Files\Microsoft SQL Server\160\DTS\Binn\;C:\Program Files (x86)\Microsoft SQL Server\160\DTS\Binn\;C:\Program Files\nodejs\;C:\Program Files\Git\cmd;D:\xam\php;C:\ProgramData\ComposerSetup\bin;C:\Program Files (x86)\Windows Kits\10\Windows Performance Toolkit\;C:\Program Files\Docker\Docker\resources\bin;C:\Program Files\Microsoft SQL Server\150\Tools\Binn\;C:\Program Files\dotnet\;C:\Users\thang\AppData\Local\Microsoft\WindowsApps;C:\Users\thang\AppData\Local\Programs\Microsoft VS Code\bin;C:\Users\thang\AppData\Roaming\npm;C:\Program Files\Java\jdk-21\bin;C:\Program Files\Java\jdk-21\bin;D:\b2android\ApiFinal;C:\platform-tools;C:\Users\thang\AppData\Roaming\Composer\vendor\bin;D:\apache-maven-3.9.11\bin;C:\Users\thang\.dotnet\tools
USERNAME=thang
OS=Windows_NT
PROCESSOR_IDENTIFIER=Intel64 Family 6 Model 60 Stepping 3, GenuineIntel
TMP=C:\Users\thang\AppData\Local\Temp
TEMP=C:\Users\thang\AppData\Local\Temp




Periodic native trim disabled

---------------  S Y S T E M  ---------------

OS:
 Windows 10 , 64 bit Build 19041 (10.0.19041.5915)
OS uptime: 5 days 4:54 hours
Hyper-V role detected

CPU: total 8 (initial active 8) (4 cores per cpu, 2 threads per core) family 6 model 60 stepping 3 microcode 0x27, cx8, cmov, fxsr, ht, mmx, sse, sse2, sse3, ssse3, sse4.1, sse4.2, popcnt, lzcnt, tsc, tscinvbit, avx, avx2, aes, erms, clmul, bmi1, bmi2, fma, vzeroupper, clflush, hv, rdtscp, f16c
Processor Information for the first 8 processors :
  Max Mhz: 2501, Current Mhz: 2501, Mhz Limit: 2501

Memory: 4k page, system-wide physical 16266M (4710M free)
TotalPageFile size 32650M (AvailPageFile size 12932M)
current process WorkingSet (physical memory assigned to process): 530M, peak: 1659M
current process commit charge ("private bytes"): 1782M, peak: 1782M

vm_info: OpenJDK 64-Bit Server VM (21.0.8+9-LTS) for windows-amd64 JRE (21.0.8+9-LTS), built on 2025-07-15T00:00:00Z by "admin" with MS VC++ 17.7 (VS2022)

END.
